
map -a "MachXO2" -p LCMXO2-4000HC -t CSBGA132 -s 4 -oc Commercial   "exp5_2_impl1.ngd" -o "exp5_2_impl1_map.ncd" -pr "exp5_2_impl1.prf" -mp "exp5_2_impl1.mrp" -lpf "//Mac/Home/Desktop/schoolwork/Lattice/Lattice2019/hw/exp5_2/impl1/exp5_2_impl1.lpf" -lpf "//Mac/Home/Desktop/schoolwork/Lattice/Lattice2019/hw/exp5_2/exp5_2.lpf" -c 0            
map:  version Diamond (64-bit) 3.10.0.111.2

Copyright (c) 1991-1994 by NeoCAD Inc. All rights reserved.
Copyright (c) 1995 AT&T Corp.   All rights reserved.
Copyright (c) 1995-2001 Lucent Technologies Inc.  All rights reserved.
Copyright (c) 2001 Agere Systems   All rights reserved.
Copyright (c) 2002-2017 Lattice Semiconductor Corporation,  All rights reserved.
   Process the file: exp5_2_impl1.ngd
   Picdevice="LCMXO2-4000HC"

   Pictype="CSBGA132"

   Picspeed=4

   Remove unused logic

   Do not produce over sized NCDs.

Part used: LCMXO2-4000HCCSBGA132, Performance used: 4.

Loading device for application map from file 'xo2c4000.nph' in environment: C:/Program Files/diamond/3.10_x64/ispfpga.
Package Status:                     Final          Version 1.44.

Running general design DRC...

Removing unused logic...

Optimizing...

1 CCU2 constant inputs absorbed.




Design Summary:
   Number of registers:    321 out of  4635 (7%)
      PFU registers:          321 out of  4320 (7%)
      PIO registers:            0 out of   315 (0%)
   Number of SLICEs:       494 out of  2160 (23%)
      SLICEs as Logic/ROM:    494 out of  2160 (23%)
      SLICEs as RAM:            0 out of  1620 (0%)
      SLICEs as Carry:        125 out of  2160 (6%)
   Number of LUT4s:        982 out of  4320 (23%)
      Number used as logic LUTs:        732
      Number used as distributed RAM:     0
      Number used as ripple logic:      250
      Number used as shift registers:     0
   Number of PIO sites used: 25 + 4(JTAG) out of 105 (28%)
   Number of block RAMs:  0 out of 10 (0%)
   Number of GSRs:  0 out of 1 (0%)
   EFB used :       No
   JTAG used :      No
   Readback used :  No
   Oscillator used :  No
   Startup used :   No
   POR :            On
   Bandgap :        On
   Number of Power Controller:  0 out of 1 (0%)
   Number of Dynamic Bank Controller (BCINRD):  0 out of 6 (0%)
   Number of Dynamic Bank Controller (BCLVDSO):  0 out of 1 (0%)
   Number of DCCA:  0 out of 8 (0%)
   Number of DCMA:  0 out of 2 (0%)
   Number of PLLs:  0 out of 2 (0%)
   Number of DQSDLLs:  0 out of 2 (0%)
   Number of CLKDIVC:  0 out of 4 (0%)
   Number of ECLKSYNCA:  0 out of 4 (0%)
   Number of ECLKBRIDGECS:  0 out of 2 (0%)
   Notes:-
      1. Total number of LUT4s = (Number of logic LUT4s) + 2*(Number of distributed RAMs) + 2*(Number of ripple logic)
      2. Number of logic LUT4s does not include count of distributed RAM and ripple logic.
   Number of clocks:  2
     Net clk_use: 49 loads, 49 rising, 0 falling (Driver: u2/clk_use_52 )
     Net clock_c: 160 loads, 160 rising, 0 falling (Driver: PIO clock )
   Number of Clock Enables:  16
     Net u5/driverProcess.step_cnt_0: 1 loads, 1 LSLICEs
     Net u5/clk_use_enable_1: 1 loads, 1 LSLICEs
     Net u5/clk_use_enable_4: 1 loads, 1 LSLICEs
     Net u2/clock_c_enable_10: 3 loads, 3 LSLICEs
     Net u2/clock_c_enable_2: 1 loads, 1 LSLICEs
     Net u2/key_out_15__N_706: 2 loads, 2 LSLICEs
     Net u2/key_out_15__N_729: 2 loads, 2 LSLICEs
     Net u2/clk_cnt_17__N_784: 3 loads, 3 LSLICEs
     Net outbut2: 1 loads, 1 LSLICEs
     Net u2/key_out_15__N_734: 2 loads, 2 LSLICEs
     Net u2/key_out_9: 1 loads, 1 LSLICEs
     Net clock_c_enable_8: 2 loads, 2 LSLICEs
     Net clock_c_enable_9: 1 loads, 1 LSLICEs
     Net u3/clock_c_enable_11: 1 loads, 1 LSLICEs
     Net u3/clock_c_enable_7: 1 loads, 1 LSLICEs
     Net u3/clock_c_enable_6: 1 loads, 1 LSLICEs
   Number of LSRs:  34
     Net u5/n5193: 1 loads, 1 LSLICEs
     Net u1/n4531: 9 loads, 9 LSLICEs
     Net u1/n4605: 9 loads, 9 LSLICEs
     Net u1/n4570: 9 loads, 9 LSLICEs
     Net u1/n4551: 9 loads, 9 LSLICEs
     Net u1/n4567: 9 loads, 9 LSLICEs
     Net u1/n4496: 9 loads, 9 LSLICEs
     Net u1/n4517: 9 loads, 9 LSLICEs
     Net u2/n5189: 1 loads, 1 LSLICEs
     Net u2/n5183: 6 loads, 6 LSLICEs
     Net u2/n5188: 2 loads, 2 LSLICEs
     Net u2/clk_cnt_17__N_784: 10 loads, 10 LSLICEs
     Net u2/key_out_11: 4 loads, 4 LSLICEs
     Net key_out_14: 2 loads, 2 LSLICEs
     Net n10931: 1 loads, 1 LSLICEs
     Net outbut3: 1 loads, 1 LSLICEs
     Net u4/n10894: 1 loads, 1 LSLICEs
     Net u4/n10860: 1 loads, 1 LSLICEs
     Net u4/n10891: 2 loads, 2 LSLICEs
     Net u4/n10862: 2 loads, 2 LSLICEs
     Net u4/n10882: 1 loads, 1 LSLICEs
     Net flag_music: 2 loads, 2 LSLICEs
     Net u4/n3825: 1 loads, 1 LSLICEs
     Net u4/n3815: 1 loads, 1 LSLICEs
     Net u4/n714: 9 loads, 9 LSLICEs
     Net u4/n10857: 1 loads, 1 LSLICEs
     Net u4/n10853: 1 loads, 1 LSLICEs
     Net u4/n3880: 1 loads, 1 LSLICEs
     Net u4/n4280: 1 loads, 1 LSLICEs
     Net u4/n10883: 1 loads, 1 LSLICEs
     Net u4/n4276: 1 loads, 1 LSLICEs
     Net u4/n3871: 1 loads, 1 LSLICEs
     Net u4/n3863: 1 loads, 1 LSLICEs
     Net u4/n3834: 1 loads, 1 LSLICEs
   Number of nets driven by tri-state buffers:  0
   Top 10 highest fanout non-clock nets:
     Net outbut2: 100 loads
     Net flag_music: 54 loads
     Net u3/n10920: 35 loads
     Net u3/n53: 30 loads
     Net u3/n3304: 28 loads
     Net u3/n53_adj_1448: 28 loads
     Net u3/outbut2_flag: 28 loads
     Net u3/n707: 27 loads
     Net u3/num_melody_6__N_907: 27 loads
     Net u5/num_loc_0: 23 loads
 

   Number of warnings:  0
   Number of errors:    0



Total CPU Time: 1 secs  
Total REAL Time: 2 secs  
Peak Memory Usage: 54 MB

Dumping design to file exp5_2_impl1_map.ncd.

ncd2vdb "exp5_2_impl1_map.ncd" ".vdbs/exp5_2_impl1_map.vdb"

Loading device for application ncd2vdb from file 'xo2c4000.nph' in environment: C:/Program Files/diamond/3.10_x64/ispfpga.

mpartrce -p "exp5_2_impl1.p2t" -f "exp5_2_impl1.p3t" -tf "exp5_2_impl1.pt" "exp5_2_impl1_map.ncd" "exp5_2_impl1.ncd"

---- MParTrce Tool ----
Removing old design directory at request of -rem command line option to this program.
Running par. Please wait . . .

Lattice Place and Route Report for Design "exp5_2_impl1_map.ncd"
Tue May 21 19:19:32 2019

PAR: Place And Route Diamond (64-bit) 3.10.0.111.2.
Command Line: par -w -l 5 -i 6 -t 1 -c 0 -e 0 -gui -exp parUseNBR=1:parCDP=0:parCDR=0:parPathBased=OFF exp5_2_impl1_map.ncd exp5_2_impl1.dir/5_1.ncd exp5_2_impl1.prf
Preference file: exp5_2_impl1.prf.
Placement level-cost: 5-1.
Routing Iterations: 6

Loading design for application par from file exp5_2_impl1_map.ncd.
Design name: main
NCD version: 3.3
Vendor:      LATTICE
Device:      LCMXO2-4000HC
Package:     CSBGA132
Performance: 4
Loading device for application par from file 'xo2c4000.nph' in environment: C:/Program Files/diamond/3.10_x64/ispfpga.
Package Status:                     Final          Version 1.44.
Performance Hardware Data Status:   Final          Version 34.4.
License checked out.


Ignore Preference Error(s):  True
Device utilization summary:

   PIO (prelim)   25+4(JTAG)/280     10% used
                  25+4(JTAG)/105     28% bonded

   SLICE            494/2160         22% used



Number of Signals: 1341
Number of Connections: 3595

Pin Constraint Summary:
   25 out of 25 pins locked (100% locked).

The following 2 signals are selected to use the primary clock routing resources:
    clock_c (driver: clock, clk load #: 160)
    clk_use (driver: SLICE_136, clk load #: 49)

    <postMsg mid="61061008" type="Warning" dynamic="5" navigation="0" arg0="clock_c" arg1="Primary" arg2="clock" arg3="C1" arg4="Primary"  />

The following 1 signal is selected to use the secondary clock routing resources:
    u2/clk_cnt_17__N_784 (driver: u2/SLICE_407, clk load #: 0, sr load #: 10, ce load #: 3)

No signal is selected as Global Set/Reset.
Starting Placer Phase 0.
.............
Finished Placer Phase 0.  REAL time: 4 secs 

Starting Placer Phase 1.
....................
Placer score = 148406.
Finished Placer Phase 1.  REAL time: 11 secs 

Starting Placer Phase 2.
.
Placer score =  147210
Finished Placer Phase 2.  REAL time: 11 secs 


------------------ Clock Report ------------------

Global Clock Resources:
  CLK_PIN    : 0 out of 8 (0%)
  General PIO: 1 out of 280 (0%)
  PLL        : 0 out of 2 (0%)
  DCM        : 0 out of 2 (0%)
  DCC        : 0 out of 8 (0%)

Quadrants All (TL, TR, BL, BR) - Global Clocks:
  PRIMARY "clock_c" from comp "clock" on PIO site "C1 (PL4A)", clk load = 160
  PRIMARY "clk_use" from Q0 on comp "SLICE_136" on site "R2C16B", clk load = 49
  SECONDARY "u2/clk_cnt_17__N_784" from F1 on comp "u2/SLICE_407" on site "R12C17B", clk load = 0, ce load = 3, sr load = 10

  PRIMARY  : 2 out of 8 (25%)
  SECONDARY: 1 out of 8 (12%)

Edge Clocks:
  No edge clock selected.

--------------- End of Clock Report ---------------


I/O Usage Summary (final):
   25 + 4(JTAG) out of 280 (10.4%) PIO sites used.
   25 + 4(JTAG) out of 105 (27.6%) bonded PIO sites used.
   Number of PIO comps: 25; differential: 0.
   Number of Vref pins used: 0.

I/O Bank Usage Summary:
+----------+----------------+------------+-----------+
| I/O Bank | Usage          | Bank Vccio | Bank Vref |
+----------+----------------+------------+-----------+
| 0        | 0 / 26 (  0%)  | -          | -         |
| 1        | 6 / 26 ( 23%)  | 2.5V       | -         |
| 2        | 14 / 28 ( 50%) | 2.5V       | -         |
| 3        | 1 / 7 ( 14%)   | 2.5V       | -         |
| 4        | 3 / 8 ( 37%)   | 2.5V       | -         |
| 5        | 1 / 10 ( 10%)  | 2.5V       | -         |
+----------+----------------+------------+-----------+

Total placer CPU time: 9 secs 

Dumping design to file exp5_2_impl1.dir/5_1.ncd.


-----------------------------------------------------------------
INFO - par: ASE feature is off due to non timing-driven settings.  
-----------------------------------------------------------------

0 connections routed; 3595 unrouted.
Starting router resource preassignment

Completed router resource preassignment. Real time: 15 secs 

Start NBR router at 19:19:47 05/21/19

*****************************************************************
Info: NBR allows conflicts(one node used by more than one signal)
      in the earlier iterations. In each iteration, it tries to  
      solve the conflicts while keeping the critical connections 
      routed as short as possible. The routing process is said to
      be completed when no conflicts exist and all connections   
      are routed.                                                
Note: NBR uses a different method to calculate timing slacks. The
      worst slack and total negative slack may not be the same as
      that in TRCE report. You should always run TRCE to verify  
      your design.                                               
*****************************************************************

Start NBR special constraint process at 19:19:47 05/21/19

Start NBR section for initial routing at 19:19:47 05/21/19
Level 4, iteration 1
88(0.04%) conflicts; 0(0.00%) untouched conn; 0 (nbr) score; real time: 16 secs 

Info: Initial congestion level at 75% usage is 0
Info: Initial congestion area  at 75% usage is 0 (0.00%)

Start NBR section for normal routing at 19:19:48 05/21/19
Level 4, iteration 1
32(0.01%) conflicts; 0(0.00%) untouched conn; 0 (nbr) score; real time: 16 secs 
Level 4, iteration 2
17(0.01%) conflicts; 0(0.00%) untouched conn; 0 (nbr) score; real time: 16 secs 
Level 4, iteration 3
8(0.00%) conflicts; 0(0.00%) untouched conn; 0 (nbr) score; real time: 17 secs 
Level 4, iteration 4
0(0.00%) conflict; 0(0.00%) untouched conn; 0 (nbr) score; real time: 17 secs 

Start NBR section for re-routing at 19:19:49 05/21/19
Level 4, iteration 1
0(0.00%) conflict; 0(0.00%) untouched conn; 0 (nbr) score; real time: 17 secs 

Start NBR section for post-routing at 19:19:49 05/21/19

End NBR router with 0 unrouted connection

NBR Summary
-----------
  Number of unrouted connections : 0 (0.00%)
  Number of connections with timing violations : 0 (0.00%)
  Estimated worst slack<setup> : <n/a>
  Timing score<setup> : 0
-----------
Notes: The timing info is calculated for SETUP only and all PAR_ADJs are ignored.



Total CPU time 14 secs 
Total REAL time: 17 secs 
Completely routed.
End of route.  3595 routed (100.00%); 0 unrouted.

Hold time timing score: 0, hold timing errors: 0

Timing score: 0 

Dumping design to file exp5_2_impl1.dir/5_1.ncd.


PAR_SUMMARY::Run status = Success
PAR_SUMMARY::Number of unrouted conns = 0
PAR_SUMMARY::Worst  slack<setup/<ns>> = <n/a>
PAR_SUMMARY::Timing score<setup/<ns>> = <n/a>
PAR_SUMMARY::Worst  slack<hold /<ns>> = <n/a>
PAR_SUMMARY::Timing score<hold /<ns>> = <n/a>
PAR_SUMMARY::Number of errors = 0

Total CPU  time to completion: 15 secs 
Total REAL time to completion: 19 secs 

par done!

Copyright (c) 1991-1994 by NeoCAD Inc. All rights reserved.
Copyright (c) 1995 AT&T Corp.   All rights reserved.
Copyright (c) 1995-2001 Lucent Technologies Inc.  All rights reserved.
Copyright (c) 2001 Agere Systems   All rights reserved.
Copyright (c) 2002-2017 Lattice Semiconductor Corporation,  All rights reserved.
Exiting par with exit code 0
Exiting mpartrce with exit code 0

bitgen -f "exp5_2_impl1.t2b" -w "exp5_2_impl1.ncd" -jedec "exp5_2_impl1.prf"


BITGEN: Bitstream Generator Diamond (64-bit) 3.10.0.111.2
Copyright (c) 1991-1994 by NeoCAD Inc. All rights reserved.
Copyright (c) 1995 AT&T Corp.   All rights reserved.
Copyright (c) 1995-2001 Lucent Technologies Inc.  All rights reserved.
Copyright (c) 2001 Agere Systems   All rights reserved.
Copyright (c) 2002-2017 Lattice Semiconductor Corporation,  All rights reserved.


Loading design for application Bitgen from file exp5_2_impl1.ncd.
Design name: main
NCD version: 3.3
Vendor:      LATTICE
Device:      LCMXO2-4000HC
Package:     CSBGA132
Performance: 4
Loading device for application Bitgen from file 'xo2c4000.nph' in environment: C:/Program Files/diamond/3.10_x64/ispfpga.
Package Status:                     Final          Version 1.44.
Performance Hardware Data Status:   Final          Version 34.4.

Running DRC.
DRC detected 0 errors and 0 warnings.
Reading Preference File from exp5_2_impl1.prf.

Preference Summary:
+---------------------------------+---------------------------------+
|  Preference                     |  Current Setting                |
+---------------------------------+---------------------------------+
|                         RamCfg  |                        Reset**  |
+---------------------------------+---------------------------------+
|                     MCCLK_FREQ  |                         2.08**  |
+---------------------------------+---------------------------------+
|                  CONFIG_SECURE  |                          OFF**  |
+---------------------------------+---------------------------------+
|                          INBUF  |                           ON**  |
+---------------------------------+---------------------------------+
|                      JTAG_PORT  |                       ENABLE**  |
+---------------------------------+---------------------------------+
|                       SDM_PORT  |                      DISABLE**  |
+---------------------------------+---------------------------------+
|                 SLAVE_SPI_PORT  |                      DISABLE**  |
+---------------------------------+---------------------------------+
|                MASTER_SPI_PORT  |                      DISABLE**  |
+---------------------------------+---------------------------------+
|                       I2C_PORT  |                      DISABLE**  |
+---------------------------------+---------------------------------+
|        MUX_CONFIGURATION_PORTS  |                      DISABLE**  |
+---------------------------------+---------------------------------+
|                  CONFIGURATION  |                          CFG**  |
+---------------------------------+---------------------------------+
|                COMPRESS_CONFIG  |                           ON**  |
+---------------------------------+---------------------------------+
|                        MY_ASSP  |                          OFF**  |
+---------------------------------+---------------------------------+
|               ONE_TIME_PROGRAM  |                          OFF**  |
+---------------------------------+---------------------------------+
|                 ENABLE_TRANSFR  |                      DISABLE**  |
+---------------------------------+---------------------------------+
|                  SHAREDEBRINIT  |                      DISABLE**  |
+---------------------------------+---------------------------------+
|            BACKGROUND_RECONFIG  |                          OFF**  |
+---------------------------------+---------------------------------+
 *  Default setting.
 ** The specified setting matches the default setting.


Creating bit map...
 
Bitstream Status: Final           Version 1.94.
 
Saving bit stream in "exp5_2_impl1.jed".
 
===========
UFM Summary.
===========
UFM Size:        767 Pages (128*767 Bits).
UFM Utilization: General Purpose Flash Memory.
 
Available General Purpose Flash Memory:  767 Pages (Page 0 to Page 766).
Initialized UFM Pages:                     0 Page.
 
