
synthesis -f "exp2_impl1_lattice.synproj"
synthesis:  version Diamond (64-bit) 3.10.0.111.2

Copyright (c) 1991-1994 by NeoCAD Inc. All rights reserved.
Copyright (c) 1995 AT&T Corp.   All rights reserved.
Copyright (c) 1995-2001 Lucent Technologies Inc.  All rights reserved.
Copyright (c) 2001 Agere Systems   All rights reserved.
Copyright (c) 2002-2017 Lattice Semiconductor Corporation,  All rights reserved.
Thu May 09 20:32:49 2019


Command Line:  synthesis -f exp2_impl1_lattice.synproj -gui -msgset //Mac/Home/Desktop/schoolwork/Lattice/Lattice2019/hw/exp2/promote.xml 

    <postMsg mid="35002000" type="Info"    dynamic="0" navigation="0"  />
Synthesis options:
The -a option is MachXO2.
The -s option is 4.
The -t option is CSBGA132.
The -d option is LCMXO2-4000HC.
Using package CSBGA132.
Using performance grade 4.
                                                          

##########################################################

### Lattice Family : MachXO2

### Device  : LCMXO2-4000HC

### Package : CSBGA132

### Speed   : 4

##########################################################

                                                          

    <postMsg mid="35001781" type="Info"    dynamic="0" navigation="0"  />
Optimization goal = Balanced
The -top option is not used.
Target frequency = 200.000000 MHz.
Maximum fanout = 1000.
Timing path count = 3
BRAM utilization = 100.000000 %
DSP usage = true
DSP utilization = 100.000000 %
fsm_encoding_style = auto
resolve_mixed_drivers = 0
fix_gated_clocks = 1

Mux style = Auto
Use Carry Chain = true
carry_chain_length = 0
Loop Limit = 1950.
Use IO Insertion = TRUE
Use IO Reg = AUTO

Resource Sharing = TRUE
Propagate Constants = TRUE
Remove Duplicate Registers = TRUE
force_gsr = auto
ROM style = auto
RAM style = auto
The -comp option is FALSE.
The -syn option is FALSE.
-p C:/Program Files/diamond/3.10_x64/ispfpga/xo2c00/data (searchpath added)
-p //Mac/Home/Desktop/schoolwork/Lattice/Lattice2019/hw/exp2/impl1 (searchpath added)
-p //Mac/Home/Desktop/schoolwork/Lattice/Lattice2019/hw/exp2 (searchpath added)
VHDL library = work
VHDL design file = //Mac/Home/Desktop/schoolwork/Lattice/Lattice2019/hw/exp2/impl1/source/huxideng.vhd
VHDL design file = //Mac/Home/Desktop/schoolwork/Lattice/Lattice2019/hw/exp2/impl1/source/main.vhd
VHDL design file = //Mac/Home/Desktop/schoolwork/Lattice/Lattice2019/hw/exp2/impl1/source/xiaodou.vhd
NGD file = exp2_impl1.ngd
-sdc option: SDC file input not used.
-lpf option: Output file option is ON.
Hardtimer checking is enabled (default). The -dt option is not used.
The -r option is OFF. [ Remove LOC Properties is OFF. ]
Technology check ok...

Analyzing Verilog file C:/Program Files/diamond/3.10_x64/ispfpga/userware/NT/SYNTHESIS_HEADERS/machxo2.v. VERI-1482
Compile design.
Compile Design Begin
    <postMsg mid="35001200" type="Warning" dynamic="1" navigation="0" arg0="main"  />
    <postMsg mid="35921504" type="Info"    dynamic="2" navigation="0" arg0="" arg1="//Mac/Home/Desktop/schoolwork/Lattice/Lattice2019/hw/exp2/impl1"  />
Analyzing VHDL file //mac/home/desktop/schoolwork/lattice/lattice2019/hw/exp2/impl1/source/huxideng.vhd. VHDL-1481
    <postMsg mid="35921012" type="Info"    dynamic="2" navigation="2" arg0="//mac/home/desktop/schoolwork/lattice/lattice2019/hw/exp2/impl1/source/huxideng.vhd(4): " arg1="huxideng" arg2="//mac/home/desktop/schoolwork/lattice/lattice2019/hw/exp2/impl1/source/huxideng.vhd" arg3="4"  />
    <postMsg mid="35921010" type="Info"    dynamic="2" navigation="2" arg0="//mac/home/desktop/schoolwork/lattice/lattice2019/hw/exp2/impl1/source/huxideng.vhd(17): " arg1="behavioral" arg2="//mac/home/desktop/schoolwork/lattice/lattice2019/hw/exp2/impl1/source/huxideng.vhd" arg3="17"  />
unit main is not yet analyzed. VHDL-1485
Analyzing VHDL file //mac/home/desktop/schoolwork/lattice/lattice2019/hw/exp2/impl1/source/main.vhd. VHDL-1481
    <postMsg mid="35921012" type="Info"    dynamic="2" navigation="2" arg0="//mac/home/desktop/schoolwork/lattice/lattice2019/hw/exp2/impl1/source/main.vhd(4): " arg1="main" arg2="//mac/home/desktop/schoolwork/lattice/lattice2019/hw/exp2/impl1/source/main.vhd" arg3="4"  />
    <postMsg mid="35921010" type="Info"    dynamic="2" navigation="2" arg0="//mac/home/desktop/schoolwork/lattice/lattice2019/hw/exp2/impl1/source/main.vhd(15): " arg1="behavioral" arg2="//mac/home/desktop/schoolwork/lattice/lattice2019/hw/exp2/impl1/source/main.vhd" arg3="15"  />
    <postMsg mid="35921178" type="Warning" dynamic="2" navigation="2" arg0="//mac/home/desktop/schoolwork/lattice/lattice2019/hw/exp2/impl1/source/main.vhd(15): " arg1="behavioral" arg2="//mac/home/desktop/schoolwork/lattice/lattice2019/hw/exp2/impl1/source/main.vhd" arg3="15"  />
unit main is not yet analyzed. VHDL-1485
Analyzing VHDL file //mac/home/desktop/schoolwork/lattice/lattice2019/hw/exp2/impl1/source/xiaodou.vhd. VHDL-1481
    <postMsg mid="35921012" type="Info"    dynamic="2" navigation="2" arg0="//mac/home/desktop/schoolwork/lattice/lattice2019/hw/exp2/impl1/source/xiaodou.vhd(4): " arg1="xiaodou" arg2="//mac/home/desktop/schoolwork/lattice/lattice2019/hw/exp2/impl1/source/xiaodou.vhd" arg3="4"  />
    <postMsg mid="35921010" type="Info"    dynamic="2" navigation="2" arg0="//mac/home/desktop/schoolwork/lattice/lattice2019/hw/exp2/impl1/source/xiaodou.vhd(17): " arg1="behavioral" arg2="//mac/home/desktop/schoolwork/lattice/lattice2019/hw/exp2/impl1/source/xiaodou.vhd" arg3="17"  />
unit main is not yet analyzed. VHDL-1485
Analyzing VHDL file //mac/home/desktop/schoolwork/lattice/lattice2019/hw/exp2/impl1/source/huxideng.vhd. VHDL-1481
    <postMsg mid="35921012" type="Info"    dynamic="2" navigation="2" arg0="//mac/home/desktop/schoolwork/lattice/lattice2019/hw/exp2/impl1/source/huxideng.vhd(4): " arg1="huxideng" arg2="//mac/home/desktop/schoolwork/lattice/lattice2019/hw/exp2/impl1/source/huxideng.vhd" arg3="4"  />
    <postMsg mid="35921010" type="Info"    dynamic="2" navigation="2" arg0="//mac/home/desktop/schoolwork/lattice/lattice2019/hw/exp2/impl1/source/huxideng.vhd(17): " arg1="behavioral" arg2="//mac/home/desktop/schoolwork/lattice/lattice2019/hw/exp2/impl1/source/huxideng.vhd" arg3="17"  />
unit main is not yet analyzed. VHDL-1485
Analyzing VHDL file //mac/home/desktop/schoolwork/lattice/lattice2019/hw/exp2/impl1/source/main.vhd. VHDL-1481
    <postMsg mid="35921012" type="Info"    dynamic="2" navigation="2" arg0="//mac/home/desktop/schoolwork/lattice/lattice2019/hw/exp2/impl1/source/main.vhd(4): " arg1="main" arg2="//mac/home/desktop/schoolwork/lattice/lattice2019/hw/exp2/impl1/source/main.vhd" arg3="4"  />
    <postMsg mid="35921010" type="Info"    dynamic="2" navigation="2" arg0="//mac/home/desktop/schoolwork/lattice/lattice2019/hw/exp2/impl1/source/main.vhd(15): " arg1="behavioral" arg2="//mac/home/desktop/schoolwork/lattice/lattice2019/hw/exp2/impl1/source/main.vhd" arg3="15"  />
unit main is not yet analyzed. VHDL-1485
Analyzing VHDL file //mac/home/desktop/schoolwork/lattice/lattice2019/hw/exp2/impl1/source/xiaodou.vhd. VHDL-1481
    <postMsg mid="35921012" type="Info"    dynamic="2" navigation="2" arg0="//mac/home/desktop/schoolwork/lattice/lattice2019/hw/exp2/impl1/source/xiaodou.vhd(4): " arg1="xiaodou" arg2="//mac/home/desktop/schoolwork/lattice/lattice2019/hw/exp2/impl1/source/xiaodou.vhd" arg3="4"  />
    <postMsg mid="35921010" type="Info"    dynamic="2" navigation="2" arg0="//mac/home/desktop/schoolwork/lattice/lattice2019/hw/exp2/impl1/source/xiaodou.vhd(17): " arg1="behavioral" arg2="//mac/home/desktop/schoolwork/lattice/lattice2019/hw/exp2/impl1/source/xiaodou.vhd" arg3="17"  />
unit main is not yet analyzed. VHDL-1485
unit main is not yet analyzed. VHDL-1485
//mac/home/desktop/schoolwork/lattice/lattice2019/hw/exp2/impl1/source/main.vhd(4): executing main(behavioral)

    <postMsg mid="35921205" type="Warning" dynamic="3" navigation="2" arg0="//mac/home/desktop/schoolwork/lattice/lattice2019/hw/exp2/impl1/source/main.vhd(13): " arg1="main" arg2="behavioral" arg3="//mac/home/desktop/schoolwork/lattice/lattice2019/hw/exp2/impl1/source/main.vhd" arg4="13"  />
Top module name (VHDL): main
Last elaborated design is main(behavioral)
Loading NGL library 'C:/Program Files/diamond/3.10_x64/ispfpga/xo2c00a/data/xo2alib.ngl'...
Loading NGL library 'C:/Program Files/diamond/3.10_x64/ispfpga/xo2c00/data/xo2clib.ngl'...
Loading NGL library 'C:/Program Files/diamond/3.10_x64/ispfpga/mg5g00/data/mg5glib.ngl'...
Loading NGL library 'C:/Program Files/diamond/3.10_x64/ispfpga/or5g00/data/orc5glib.ngl'...
Loading device for application map from file 'xo2c4000.nph' in environment: C:/Program Files/diamond/3.10_x64/ispfpga.
Package Status:                     Final          Version 1.44.
Top-level module name = main.




The number of registers created due to operator pipelining is 22.

    <postMsg mid="35001747" type="Warning" dynamic="2" navigation="0" arg0="0" arg1="\A2/led8_ret0"  />
    <postMsg mid="35001747" type="Warning" dynamic="2" navigation="0" arg0="0" arg1="\A2/change1_i12"  />
    <postMsg mid="35001747" type="Warning" dynamic="2" navigation="0" arg0="1" arg1="\A2/change1_i12"  />
    <postMsg mid="35001747" type="Warning" dynamic="2" navigation="0" arg0="2" arg1="\A2/change1_i12"  />
    <postMsg mid="35001748" type="Warning" dynamic="2" navigation="0" arg0="3" arg1="\A2/change1_i12"  />
    <postMsg mid="35001748" type="Warning" dynamic="2" navigation="0" arg0="4" arg1="\A2/change1_i12"  />
    <postMsg mid="35001748" type="Warning" dynamic="2" navigation="0" arg0="5" arg1="\A2/change1_i12"  />
    <postMsg mid="35001748" type="Warning" dynamic="2" navigation="0" arg0="6" arg1="\A2/change1_i12"  />
    <postMsg mid="35001748" type="Warning" dynamic="2" navigation="0" arg0="7" arg1="\A2/change1_i12"  />
    <postMsg mid="35001747" type="Warning" dynamic="2" navigation="0" arg0="8" arg1="\A2/change1_i12"  />
    <postMsg mid="35001748" type="Warning" dynamic="2" navigation="0" arg0="9" arg1="\A2/change1_i12"  />
    <postMsg mid="35001747" type="Warning" dynamic="2" navigation="0" arg0="10" arg1="\A2/change1_i12"  />
    <postMsg mid="35001747" type="Warning" dynamic="2" navigation="0" arg0="11" arg1="\A2/change1_i12"  />
    <postMsg mid="35001747" type="Warning" dynamic="2" navigation="0" arg0="12" arg1="\A2/change1_i12"  />
    <postMsg mid="35001748" type="Warning" dynamic="2" navigation="0" arg0="1" arg1="\A2/led8_ret1"  />
    <postMsg mid="35935014" type="Warning" dynamic="2" navigation="2" arg0="//mac/home/desktop/schoolwork/lattice/lattice2019/hw/exp2/impl1/source/huxideng.vhd(135): " arg1="\A2/menu_i0" arg2="//mac/home/desktop/schoolwork/lattice/lattice2019/hw/exp2/impl1/source/huxideng.vhd" arg3="135"  />
    <postMsg mid="35935013" type="Warning" dynamic="2" navigation="2" arg0="//mac/home/desktop/schoolwork/lattice/lattice2019/hw/exp2/impl1/source/huxideng.vhd(135): " arg1="\A2/changeRange__i0" arg2="//mac/home/desktop/schoolwork/lattice/lattice2019/hw/exp2/impl1/source/huxideng.vhd" arg3="135"  />
GSR will not be inferred because no asynchronous signal was found in the netlist.
Applying 200.000000 MHz constraint to all clocks

    <postMsg mid="35001611" type="Warning" dynamic="0" navigation="0"  />
Results of NGD DRC are available in main_drc.log.
Loading NGL library 'C:/Program Files/diamond/3.10_x64/ispfpga/xo2c00a/data/xo2alib.ngl'...
Loading NGL library 'C:/Program Files/diamond/3.10_x64/ispfpga/xo2c00/data/xo2clib.ngl'...
Loading NGL library 'C:/Program Files/diamond/3.10_x64/ispfpga/mg5g00/data/mg5glib.ngl'...
Loading NGL library 'C:/Program Files/diamond/3.10_x64/ispfpga/or5g00/data/orc5glib.ngl'...


Running DRC...

DRC complete with no errors or warnings

Design Results:
    318 blocks expanded
completed the first expansion
All blocks are expanded and NGD expansion is successful.
Writing NGD file exp2_impl1.ngd.

################### Begin Area Report (main)######################
Number of register bits => 126 of 4635 (2 % )
CCU2D => 82
FD1P3AX => 7
FD1P3IX => 22
FD1S3AX => 37
FD1S3IX => 60
GSR => 1
IB => 5
LUT4 => 91
OB => 8
PFUMX => 2
################### End Area Report ##################

################### Begin BlackBox Report ######################
TSALL => 1
################### End BlackBox Report ##################

################### Begin Clock Report ######################
Clock Nets
Number of Clocks: 2
  Net : A1/n_n_clock, loads : 99
  Net : fclock_c, loads : 27
Clock Enable Nets
Number of Clock Enables: 10
Top 10 highest fanout Clock Enables:
  Net : A1/clock_count_17__N_41, loads : 22
  Net : A2/menu_1, loads : 21
  Net : A2/n_n_clock_enable_7, loads : 3
  Net : A2/menu_1_N_243_1, loads : 2
  Net : A2/n_n_clock_enable_5, loads : 1
  Net : A2/n_n_clock_enable_4, loads : 1
  Net : A1/fclock_c_enable_1, loads : 1
Highest fanout non-clock nets
Top 10 highest fanout non-clock nets:
  Net : A2/n1753, loads : 33
  Net : A2/n99, loads : 23
  Net : A2/flag_1_N_142_1, loads : 23
  Net : A2/n120, loads : 22
  Net : A1/clock_count_17__N_41, loads : 22
  Net : A2/menu_1, loads : 21
  Net : A2/key_down_flag_N_269, loads : 21
  Net : A2/n8, loads : 19
  Net : A2/n38, loads : 19
  Net : A2/n1060, loads : 16
################### End Clock Report ##################

Timing Report Summary
--------------
--------------------------------------------------------------------------------
Constraint                              |   Constraint|       Actual|Levels
--------------------------------------------------------------------------------
                                        |             |             |
create_clock -period 5.000000 -name     |             |             |
clk1 [get_nets n_n_clock]               |  200.000 MHz|   42.490 MHz|    22 *
                                        |             |             |
create_clock -period 5.000000 -name     |             |             |
clk0 [get_nets fclock_c]                |  200.000 MHz|  116.891 MHz|     5 *
                                        |             |             |
--------------------------------------------------------------------------------


2 constraints not met.


Peak Memory Usage: 74.043  MB

--------------------------------------------------------------
Elapsed CPU time for LSE flow : 1.484  secs
--------------------------------------------------------------

map -a "MachXO2" -p LCMXO2-4000HC -t CSBGA132 -s 4 -oc Commercial   "exp2_impl1.ngd" -o "exp2_impl1_map.ncd" -pr "exp2_impl1.prf" -mp "exp2_impl1.mrp" -lpf "//Mac/Home/Desktop/schoolwork/Lattice/Lattice2019/hw/exp2/impl1/exp2_impl1.lpf" -lpf "//Mac/Home/Desktop/schoolwork/Lattice/Lattice2019/hw/exp2/exp2.lpf" -c 0            
map:  version Diamond (64-bit) 3.10.0.111.2

Copyright (c) 1991-1994 by NeoCAD Inc. All rights reserved.
Copyright (c) 1995 AT&T Corp.   All rights reserved.
Copyright (c) 1995-2001 Lucent Technologies Inc.  All rights reserved.
Copyright (c) 2001 Agere Systems   All rights reserved.
Copyright (c) 2002-2017 Lattice Semiconductor Corporation,  All rights reserved.
   Process the file: exp2_impl1.ngd
   Picdevice="LCMXO2-4000HC"

   Pictype="CSBGA132"

   Picspeed=4

   Remove unused logic

   Do not produce over sized NCDs.

Part used: LCMXO2-4000HCCSBGA132, Performance used: 4.

Loading device for application map from file 'xo2c4000.nph' in environment: C:/Program Files/diamond/3.10_x64/ispfpga.
Package Status:                     Final          Version 1.44.

Running general design DRC...

Removing unused logic...

Optimizing...




Design Summary:
   Number of registers:    126 out of  4635 (3%)
      PFU registers:          126 out of  4320 (3%)
      PIO registers:            0 out of   315 (0%)
   Number of SLICEs:       129 out of  2160 (6%)
      SLICEs as Logic/ROM:    129 out of  2160 (6%)
      SLICEs as RAM:            0 out of  1620 (0%)
      SLICEs as Carry:         82 out of  2160 (4%)
   Number of LUT4s:        254 out of  4320 (6%)
      Number used as logic LUTs:         90
      Number used as distributed RAM:     0
      Number used as ripple logic:      164
      Number used as shift registers:     0
   Number of PIO sites used: 13 + 4(JTAG) out of 105 (16%)
   Number of block RAMs:  0 out of 10 (0%)
   Number of GSRs:  0 out of 1 (0%)
   EFB used :       No
   JTAG used :      No
   Readback used :  No
   Oscillator used :  No
   Startup used :   No
   POR :            On
   Bandgap :        On
   Number of Power Controller:  0 out of 1 (0%)
   Number of Dynamic Bank Controller (BCINRD):  0 out of 6 (0%)
   Number of Dynamic Bank Controller (BCLVDSO):  0 out of 1 (0%)
   Number of DCCA:  0 out of 8 (0%)
   Number of DCMA:  0 out of 2 (0%)
   Number of PLLs:  0 out of 2 (0%)
   Number of DQSDLLs:  0 out of 2 (0%)
   Number of CLKDIVC:  0 out of 4 (0%)
   Number of ECLKSYNCA:  0 out of 4 (0%)
   Number of ECLKBRIDGECS:  0 out of 2 (0%)
   Notes:-
      1. Total number of LUT4s = (Number of logic LUT4s) + 2*(Number of distributed RAMs) + 2*(Number of ripple logic)
      2. Number of logic LUT4s does not include count of distributed RAM and ripple logic.
   Number of clocks:  2
     Net n_n_clock: 59 loads, 59 rising, 0 falling (Driver: A1/out_clock_30 )
     Net fclock_c: 17 loads, 17 rising, 0 falling (Driver: PIO fclock )
   Number of Clock Enables:  9
     Net A2/n_n_clock_enable_4: 1 loads, 1 LSLICEs
     Net A2/menu_1: 9 loads, 9 LSLICEs
     Net A2/n_n_clock_enable_5: 1 loads, 1 LSLICEs
     Net A2/n_n_clock_enable_7: 2 loads, 2 LSLICEs
     Net n_n_key_down: 1 loads, 1 LSLICEs
     Net n_n_key_up: 1 loads, 1 LSLICEs
     Net n_n_key_menu: 1 loads, 1 LSLICEs
     Net A1/fclock_c_enable_1: 1 loads, 1 LSLICEs
     Net A1/clock_count_17__N_41: 4 loads, 4 LSLICEs
   Number of LSRs:  8
     Net A2/n1019: 1 loads, 1 LSLICEs
     Net A2/n1060: 9 loads, 9 LSLICEs
     Net A2/n1752: 1 loads, 1 LSLICEs
     Net n1753: 19 loads, 19 LSLICEs
     Net A2/n1017: 1 loads, 1 LSLICEs
     Net A2/n1049: 6 loads, 6 LSLICEs
     Net A1/out_clock_N_47: 2 loads, 2 LSLICEs
     Net A1/clock_count_17__N_41: 10 loads, 10 LSLICEs
   Number of nets driven by tri-state buffers:  0
   Top 10 highest fanout non-clock nets:
     Net A2/flag_1_N_142_1: 23 loads
     Net A2/n99: 23 loads
     Net A2/n120: 22 loads
     Net A2/key_down_flag_N_269: 21 loads
     Net n1753: 20 loads
     Net A2/n38: 19 loads
     Net A2/n8: 19 loads
     Net n1817: 15 loads
     Net A1/clock_count_17__N_41: 14 loads
     Net A2/menu_1: 14 loads
 

   Number of warnings:  0
   Number of errors:    0



Total CPU Time: 0 secs  
Total REAL Time: 0 secs  
Peak Memory Usage: 50 MB

Dumping design to file exp2_impl1_map.ncd.

ncd2vdb "exp2_impl1_map.ncd" ".vdbs/exp2_impl1_map.vdb"

Loading device for application ncd2vdb from file 'xo2c4000.nph' in environment: C:/Program Files/diamond/3.10_x64/ispfpga.

mpartrce -p "exp2_impl1.p2t" -f "exp2_impl1.p3t" -tf "exp2_impl1.pt" "exp2_impl1_map.ncd" "exp2_impl1.ncd"

---- MParTrce Tool ----
Removing old design directory at request of -rem command line option to this program.
Running par. Please wait . . .

Lattice Place and Route Report for Design "exp2_impl1_map.ncd"
Thu May 09 20:32:55 2019

PAR: Place And Route Diamond (64-bit) 3.10.0.111.2.
Command Line: par -w -l 5 -i 6 -t 1 -c 0 -e 0 -gui -msgset //Mac/Home/Desktop/schoolwork/Lattice/Lattice2019/hw/exp2/promote.xml -exp parUseNBR=1:parCDP=0:parCDR=0:parPathBased=OFF exp2_impl1_map.ncd exp2_impl1.dir/5_1.ncd exp2_impl1.prf
Preference file: exp2_impl1.prf.
Placement level-cost: 5-1.
Routing Iterations: 6

Loading design for application par from file exp2_impl1_map.ncd.
Design name: main
NCD version: 3.3
Vendor:      LATTICE
Device:      LCMXO2-4000HC
Package:     CSBGA132
Performance: 4
Loading device for application par from file 'xo2c4000.nph' in environment: C:/Program Files/diamond/3.10_x64/ispfpga.
Package Status:                     Final          Version 1.44.
Performance Hardware Data Status:   Final          Version 34.4.
License checked out.


Ignore Preference Error(s):  True
Device utilization summary:

   PIO (prelim)   13+4(JTAG)/280     6% used
                  13+4(JTAG)/105     16% bonded

   SLICE            129/2160          5% used



Number of Signals: 412
Number of Connections: 947

Pin Constraint Summary:
   13 out of 13 pins locked (100% locked).

The following 2 signals are selected to use the primary clock routing resources:
    n_n_clock (driver: A1/SLICE_112, clk load #: 59)
    fclock_c (driver: fclock, clk load #: 17)

    <postMsg mid="61061008" type="Warning" dynamic="5" navigation="0" arg0="fclock_c" arg1="Primary" arg2="fclock" arg3="C1" arg4="Primary"  />

The following 2 signals are selected to use the secondary clock routing resources:
    n1753 (driver: SLICE_91, clk load #: 0, sr load #: 19, ce load #: 0)
    A1/clock_count_17__N_41 (driver: A1/SLICE_128, clk load #: 0, sr load #: 10, ce load #: 4)

No signal is selected as Global Set/Reset.
Starting Placer Phase 0.
.........
Finished Placer Phase 0.  REAL time: 0 secs 

Starting Placer Phase 1.
..................
Placer score = 33860.
Finished Placer Phase 1.  REAL time: 3 secs 

Starting Placer Phase 2.
.
Placer score =  33365
Finished Placer Phase 2.  REAL time: 3 secs 


------------------ Clock Report ------------------

Global Clock Resources:
  CLK_PIN    : 0 out of 8 (0%)
  General PIO: 1 out of 280 (0%)
  PLL        : 0 out of 2 (0%)
  DCM        : 0 out of 2 (0%)
  DCC        : 0 out of 8 (0%)

Quadrants All (TL, TR, BL, BR) - Global Clocks:
  PRIMARY "n_n_clock" from Q0 on comp "A1/SLICE_112" on site "R2C16B", clk load = 59
  PRIMARY "fclock_c" from comp "fclock" on PIO site "C1 (PL4A)", clk load = 17
  SECONDARY "n1753" from F1 on comp "SLICE_91" on site "R12C17C", clk load = 0, ce load = 0, sr load = 19
  SECONDARY "A1/clock_count_17__N_41" from F0 on comp "A1/SLICE_128" on site "R12C17D", clk load = 0, ce load = 4, sr load = 10

  PRIMARY  : 2 out of 8 (25%)
  SECONDARY: 2 out of 8 (25%)

Edge Clocks:
  No edge clock selected.

--------------- End of Clock Report ---------------


I/O Usage Summary (final):
   13 + 4(JTAG) out of 280 (6.1%) PIO sites used.
   13 + 4(JTAG) out of 105 (16.2%) bonded PIO sites used.
   Number of PIO comps: 13; differential: 0.
   Number of Vref pins used: 0.

I/O Bank Usage Summary:
+----------+---------------+------------+-----------+
| I/O Bank | Usage         | Bank Vccio | Bank Vref |
+----------+---------------+------------+-----------+
| 0        | 0 / 26 (  0%) | -          | -         |
| 1        | 6 / 26 ( 23%) | 3.3V       | -         |
| 2        | 6 / 28 ( 21%) | 3.3V       | -         |
| 3        | 0 / 7 (  0%)  | -          | -         |
| 4        | 0 / 8 (  0%)  | -          | -         |
| 5        | 1 / 10 ( 10%) | 3.3V       | -         |
+----------+---------------+------------+-----------+

Total placer CPU time: 2 secs 

Dumping design to file exp2_impl1.dir/5_1.ncd.


-----------------------------------------------------------------
INFO - par: ASE feature is off due to non timing-driven settings.  
-----------------------------------------------------------------

0 connections routed; 947 unrouted.
Starting router resource preassignment

Completed router resource preassignment. Real time: 5 secs 

Start NBR router at 20:33:00 05/09/19

*****************************************************************
Info: NBR allows conflicts(one node used by more than one signal)
      in the earlier iterations. In each iteration, it tries to  
      solve the conflicts while keeping the critical connections 
      routed as short as possible. The routing process is said to
      be completed when no conflicts exist and all connections   
      are routed.                                                
Note: NBR uses a different method to calculate timing slacks. The
      worst slack and total negative slack may not be the same as
      that in TRCE report. You should always run TRCE to verify  
      your design.                                               
*****************************************************************

Start NBR special constraint process at 20:33:00 05/09/19

Start NBR section for initial routing at 20:33:00 05/09/19
Level 4, iteration 1
29(0.01%) conflicts; 0(0.00%) untouched conn; 0 (nbr) score; real time: 5 secs 

Info: Initial congestion level at 75% usage is 0
Info: Initial congestion area  at 75% usage is 0 (0.00%)

Start NBR section for normal routing at 20:33:00 05/09/19
Level 4, iteration 1
9(0.00%) conflicts; 0(0.00%) untouched conn; 0 (nbr) score; real time: 5 secs 
Level 4, iteration 2
5(0.00%) conflicts; 0(0.00%) untouched conn; 0 (nbr) score; real time: 5 secs 
Level 4, iteration 3
0(0.00%) conflict; 0(0.00%) untouched conn; 0 (nbr) score; real time: 5 secs 

Start NBR section for re-routing at 20:33:00 05/09/19
Level 4, iteration 1
0(0.00%) conflict; 0(0.00%) untouched conn; 0 (nbr) score; real time: 5 secs 

Start NBR section for post-routing at 20:33:00 05/09/19

End NBR router with 0 unrouted connection

NBR Summary
-----------
  Number of unrouted connections : 0 (0.00%)
  Number of connections with timing violations : 0 (0.00%)
  Estimated worst slack<setup> : <n/a>
  Timing score<setup> : 0
-----------
Notes: The timing info is calculated for SETUP only and all PAR_ADJs are ignored.



Total CPU time 4 secs 
Total REAL time: 5 secs 
Completely routed.
End of route.  947 routed (100.00%); 0 unrouted.

Hold time timing score: 0, hold timing errors: 0

Timing score: 0 

Dumping design to file exp2_impl1.dir/5_1.ncd.


PAR_SUMMARY::Run status = Success
PAR_SUMMARY::Number of unrouted conns = 0
PAR_SUMMARY::Worst  slack<setup/<ns>> = <n/a>
PAR_SUMMARY::Timing score<setup/<ns>> = <n/a>
PAR_SUMMARY::Worst  slack<hold /<ns>> = <n/a>
PAR_SUMMARY::Timing score<hold /<ns>> = <n/a>
PAR_SUMMARY::Number of errors = 0

Total CPU  time to completion: 5 secs 
Total REAL time to completion: 6 secs 

par done!

Copyright (c) 1991-1994 by NeoCAD Inc. All rights reserved.
Copyright (c) 1995 AT&T Corp.   All rights reserved.
Copyright (c) 1995-2001 Lucent Technologies Inc.  All rights reserved.
Copyright (c) 2001 Agere Systems   All rights reserved.
Copyright (c) 2002-2017 Lattice Semiconductor Corporation,  All rights reserved.
Exiting par with exit code 0
Exiting mpartrce with exit code 0

bitgen -f "exp2_impl1.t2b" -w "exp2_impl1.ncd" -jedec "exp2_impl1.prf"


BITGEN: Bitstream Generator Diamond (64-bit) 3.10.0.111.2
Copyright (c) 1991-1994 by NeoCAD Inc. All rights reserved.
Copyright (c) 1995 AT&T Corp.   All rights reserved.
Copyright (c) 1995-2001 Lucent Technologies Inc.  All rights reserved.
Copyright (c) 2001 Agere Systems   All rights reserved.
Copyright (c) 2002-2017 Lattice Semiconductor Corporation,  All rights reserved.


Loading design for application Bitgen from file exp2_impl1.ncd.
Design name: main
NCD version: 3.3
Vendor:      LATTICE
Device:      LCMXO2-4000HC
Package:     CSBGA132
Performance: 4
Loading device for application Bitgen from file 'xo2c4000.nph' in environment: C:/Program Files/diamond/3.10_x64/ispfpga.
Package Status:                     Final          Version 1.44.
Performance Hardware Data Status:   Final          Version 34.4.

Running DRC.
DRC detected 0 errors and 0 warnings.
Reading Preference File from exp2_impl1.prf.

Preference Summary:
+---------------------------------+---------------------------------+
|  Preference                     |  Current Setting                |
+---------------------------------+---------------------------------+
|                         RamCfg  |                        Reset**  |
+---------------------------------+---------------------------------+
|                     MCCLK_FREQ  |                         2.08**  |
+---------------------------------+---------------------------------+
|                  CONFIG_SECURE  |                          OFF**  |
+---------------------------------+---------------------------------+
|                          INBUF  |                           ON**  |
+---------------------------------+---------------------------------+
|                      JTAG_PORT  |                       ENABLE**  |
+---------------------------------+---------------------------------+
|                       SDM_PORT  |                      DISABLE**  |
+---------------------------------+---------------------------------+
|                 SLAVE_SPI_PORT  |                      DISABLE**  |
+---------------------------------+---------------------------------+
|                MASTER_SPI_PORT  |                      DISABLE**  |
+---------------------------------+---------------------------------+
|                       I2C_PORT  |                      DISABLE**  |
+---------------------------------+---------------------------------+
|        MUX_CONFIGURATION_PORTS  |                      DISABLE**  |
+---------------------------------+---------------------------------+
|                  CONFIGURATION  |                          CFG**  |
+---------------------------------+---------------------------------+
|                COMPRESS_CONFIG  |                           ON**  |
+---------------------------------+---------------------------------+
|                        MY_ASSP  |                          OFF**  |
+---------------------------------+---------------------------------+
|               ONE_TIME_PROGRAM  |                          OFF**  |
+---------------------------------+---------------------------------+
|                 ENABLE_TRANSFR  |                      DISABLE**  |
+---------------------------------+---------------------------------+
|                  SHAREDEBRINIT  |                      DISABLE**  |
+---------------------------------+---------------------------------+
|            BACKGROUND_RECONFIG  |                          OFF**  |
+---------------------------------+---------------------------------+
 *  Default setting.
 ** The specified setting matches the default setting.


Creating bit map...
 
Bitstream Status: Final           Version 1.94.
 
Saving bit stream in "exp2_impl1.jed".
 
===========
UFM Summary.
===========
UFM Size:        767 Pages (128*767 Bits).
UFM Utilization: General Purpose Flash Memory.
 
Available General Purpose Flash Memory:  767 Pages (Page 0 to Page 766).
Initialized UFM Pages:                     0 Page.
 
